# JRE version: Java(TM) SE Runtime Environment (8.0_65-b17) (build 1.8.0_65-b17)
# Java VM: Java HotSpot(TM) 64-Bit Server VM (25.65-b01 mixed mode bsd-amd64 compressed oops)
Heap:
 PSYoungGen      total 32768K, used 27872K [0x000000076ab00000, 0x000000076ce00000, 0x00000007c0000000)
  eden space 29696K, 89% used [0x000000076ab00000,0x000000076c507260,0x000000076c800000)
  from space 3072K, 39% used [0x000000076c800000,0x000000076c931010,0x000000076cb00000)
  to   space 3072K, 0% used [0x000000076cb00000,0x000000076cb00000,0x000000076ce00000)
 ParOldGen       total 148992K, used 120846K [0x00000006c0000000, 0x00000006c9180000, 0x000000076ab00000)
  object space 148992K, 81% used [0x00000006c0000000,0x00000006c7603ad0,0x00000006c9180000)
 Metaspace       used 27414K, capacity 29770K, committed 29952K, reserved 1075200K
  class space    used 3698K, capacity 4095K, committed 4096K, reserved 1048576K
GC Heap History (10 events):
Event: 2093.771 GC heap before
{Heap before GC invocations=650 (full 1):
 PSYoungGen      total 33280K, used 31540K [0x000000076ab00000, 0x000000076cf00000, 0x00000007c0000000)
  eden space 29696K, 100% used [0x000000076ab00000,0x000000076c800000,0x000000076c800000)
  from space 3584K, 51% used [0x000000076cb80000,0x000000076cd4d020,0x000000076cf00000)
  to   space 3584K, 0% used [0x000000076c800000,0x000000076c800000,0x000000076cb80000)
 ParOldGen       total 148992K, used 116347K [0x00000006c0000000, 0x00000006c9180000, 0x000000076ab00000)
  object space 148992K, 78% used [0x00000006c0000000,0x00000006c719ee30,0x00000006c9180000)
 Metaspace       used 27412K, capacity 29770K, committed 29952K, reserved 1075200K
  class space    used 3698K, capacity 4095K, committed 4096K, reserved 1048576K
Event: 2093.774 GC heap after
Heap after GC invocations=650 (full 1):
 PSYoungGen      total 33280K, used 1764K [0x000000076ab00000, 0x000000076cf00000, 0x00000007c0000000)
  eden space 29696K, 0% used [0x000000076ab00000,0x000000076ab00000,0x000000076c800000)
  from space 3584K, 49% used [0x000000076c800000,0x000000076c9b9010,0x000000076cb80000)
  to   space 3584K, 0% used [0x000000076cb80000,0x000000076cb80000,0x000000076cf00000)
 ParOldGen       total 148992K, used 116371K [0x00000006c0000000, 0x00000006c9180000, 0x000000076ab00000)
  object space 148992K, 78% used [0x00000006c0000000,0x00000006c71a4e30,0x00000006c9180000)
 Metaspace       used 27412K, capacity 29770K, committed 29952K, reserved 1075200K
  class space    used 3698K, capacity 4095K, committed 4096K, reserved 1048576K
}
Event: 2095.125 GC heap before
{Heap before GC invocations=651 (full 1):
 PSYoungGen      total 33280K, used 31460K [0x000000076ab00000, 0x000000076cf00000, 0x00000007c0000000)
  eden space 29696K, 100% used [0x000000076ab00000,0x000000076c800000,0x000000076c800000)
  from space 3584K, 49% used [0x000000076c800000,0x000000076c9b9010,0x000000076cb80000)
  to   space 3584K, 0% used [0x000000076cb80000,0x000000076cb80000,0x000000076cf00000)
 ParOldGen       total 148992K, used 116371K [0x00000006c0000000, 0x00000006c9180000, 0x000000076ab00000)
  object space 148992K, 78% used [0x00000006c0000000,0x00000006c71a4e30,0x00000006c9180000)
 Metaspace       used 27412K, capacity 29770K, committed 29952K, reserved 1075200K
  class space    used 3698K, capacity 4095K, committed 4096K, reserved 1048576K
Event: 2095.128 GC heap after
Heap after GC invocations=651 (full 1):
 PSYoungGen      total 33280K, used 1732K [0x000000076ab00000, 0x000000076cf00000, 0x00000007c0000000)
  eden space 29696K, 0% used [0x000000076ab00000,0x000000076ab00000,0x000000076c800000)
  from space 3584K, 48% used [0x000000076cb80000,0x000000076cd31010,0x000000076cf00000)
  to   space 3584K, 0% used [0x000000076c800000,0x000000076c800000,0x000000076cb80000)
 ParOldGen       total 148992K, used 116387K [0x00000006c0000000, 0x00000006c9180000, 0x000000076ab00000)
  object space 148992K, 78% used [0x00000006c0000000,0x00000006c71a8e30,0x00000006c9180000)
 Metaspace       used 27412K, capacity 29770K, committed 29952K, reserved 1075200K
  class space    used 3698K, capacity 4095K, committed 4096K, reserved 1048576K
}
Event: 2096.471 GC heap before
{Heap before GC invocations=652 (full 1):
 PSYoungGen      total 33280K, used 31428K [0x000000076ab00000, 0x000000076cf00000, 0x00000007c0000000)
  eden space 29696K, 100% used [0x000000076ab00000,0x000000076c800000,0x000000076c800000)
  from space 3584K, 48% used [0x000000076cb80000,0x000000076cd31010,0x000000076cf00000)
  to   space 3584K, 0% used [0x000000076c800000,0x000000076c800000,0x000000076cb80000)
 ParOldGen       total 148992K, used 116387K [0x00000006c0000000, 0x00000006c9180000, 0x000000076ab00000)
  object space 148992K, 78% used [0x00000006c0000000,0x00000006c71a8e30,0x00000006c9180000)
 Metaspace       used 27412K, capacity 29770K, committed 29952K, reserved 1075200K
  class space    used 3698K, capacity 4095K, committed 4096K, reserved 1048576K
Event: 2096.474 GC heap after
Heap after GC invocations=652 (full 1):
 PSYoungGen      total 33280K, used 1828K [0x000000076ab00000, 0x000000076cf00000, 0x00000007c0000000)
  eden space 29696K, 0% used [0x000000076ab00000,0x000000076ab00000,0x000000076c800000)
  from space 3584K, 51% used [0x000000076c800000,0x000000076c9c9010,0x000000076cb80000)
  to   space 3584K, 0% used [0x000000076cb80000,0x000000076cb80000,0x000000076cf00000)
 ParOldGen       total 148992K, used 116419K [0x00000006c0000000, 0x00000006c9180000, 0x000000076ab00000)
  object space 148992K, 78% used [0x00000006c0000000,0x00000006c71b0e30,0x00000006c9180000)
 Metaspace       used 27412K, capacity 29770K, committed 29952K, reserved 1075200K
  class space    used 3698K, capacity 4095K, committed 4096K, reserved 1048576K
}
Event: 2097.786 GC heap before
{Heap before GC invocations=653 (full 1):
 PSYoungGen      total 33280K, used 31524K [0x000000076ab00000, 0x000000076cf00000, 0x00000007c0000000)
  eden space 29696K, 100% used [0x000000076ab00000,0x000000076c800000,0x000000076c800000)
  from space 3584K, 51% used [0x000000076c800000,0x000000076c9c9010,0x000000076cb80000)
  to   space 3584K, 0% used [0x000000076cb80000,0x000000076cb80000,0x000000076cf00000)
 ParOldGen       total 148992K, used 116419K [0x00000006c0000000, 0x00000006c9180000, 0x000000076ab00000)
  object space 148992K, 78% used [0x00000006c0000000,0x00000006c71b0e30,0x00000006c9180000)
 Metaspace       used 27412K, capacity 29770K, committed 29952K, reserved 1075200K
  class space    used 3698K, capacity 4095K, committed 4096K, reserved 1048576K
Event: 2097.788 GC heap after
Heap after GC invocations=653 (full 1):
 PSYoungGen      total 32256K, used 1604K [0x000000076ab00000, 0x000000076ce00000, 0x00000007c0000000)
  eden space 29696K, 0% used [0x000000076ab00000,0x000000076ab00000,0x000000076c800000)
  from space 2560K, 62% used [0x000000076cb80000,0x000000076cd11010,0x000000076ce00000)
  to   space 3072K, 0% used [0x000000076c800000,0x000000076c800000,0x000000076cb00000)
 ParOldGen       total 148992K, used 116612K [0x00000006c0000000, 0x00000006c9180000, 0x000000076ab00000)
  object space 148992K, 78% used [0x00000006c0000000,0x00000006c71e1260,0x00000006c9180000)
 Metaspace       used 27412K, capacity 29770K, committed 29952K, reserved 1075200K
  class space    used 3698K, capacity 4095K, committed 4096K, reserved 1048576K
}
Event: 2099.121 GC heap before
{Heap before GC invocations=654 (full 1):
 PSYoungGen      total 32256K, used 31300K [0x000000076ab00000, 0x000000076ce00000, 0x00000007c0000000)
  eden space 29696K, 100% used [0x000000076ab00000,0x000000076c800000,0x000000076c800000)
  from space 2560K, 62% used [0x000000076cb80000,0x000000076cd11010,0x000000076ce00000)
  to   space 3072K, 0% used [0x000000076c800000,0x000000076c800000,0x000000076cb00000)
 ParOldGen       total 148992K, used 116612K [0x00000006c0000000, 0x00000006c9180000, 0x000000076ab00000)
  object space 148992K, 78% used [0x00000006c0000000,0x00000006c71e12a0,0x00000006c9180000)
 Metaspace       used 27412K, capacity 29770K, committed 29952K, reserved 1075200K
  class space    used 3698K, capacity 4095K, committed 4096K, reserved 1048576K
Event: 2099.123 GC heap after
Heap after GC invocations=654 (full 1):
 PSYoungGen      total 32768K, used 1220K [0x000000076ab00000, 0x000000076ce00000, 0x00000007c0000000)
  eden space 29696K, 0% used [0x000000076ab00000,0x000000076ab00000,0x000000076c800000)
  from space 3072K, 39% used [0x000000076c800000,0x000000076c931010,0x000000076cb00000)
  to   space 3072K, 0% used [0x000000076cb00000,0x000000076cb00000,0x000000076ce00000)
 ParOldGen       total 148992K, used 116946K [0x00000006c0000000, 0x00000006c9180000, 0x000000076ab00000)
  object space 148992K, 78% used [0x00000006c0000000,0x00000006c7234ac0,0x00000006c9180000)
 Metaspace       used 27412K, capacity 29770K, committed 29952K, reserved 1075200K
  class space    used 3698K, capacity 4095K, committed 4096K, reserved 1048576K
}

