# JRE version: Java(TM) SE Runtime Environment (8.0_65-b17) (build 1.8.0_65-b17)
# Java VM: Java HotSpot(TM) 64-Bit Server VM (25.65-b01 mixed mode bsd-amd64 compressed oops)
Heap:
 PSYoungGen      total 39424K, used 17015K [0x000000076ab00000, 0x000000076d280000, 0x00000007c0000000)
  eden space 38400K, 43% used [0x000000076ab00000,0x000000076bb3dcd0,0x000000076d080000)
  from space 1024K, 37% used [0x000000076d080000,0x000000076d0e0000,0x000000076d180000)
  to   space 1024K, 0% used [0x000000076d180000,0x000000076d180000,0x000000076d280000)
 ParOldGen       total 151552K, used 70062K [0x00000006c0000000, 0x00000006c9400000, 0x000000076ab00000)
  object space 151552K, 46% used [0x00000006c0000000,0x00000006c446b8f8,0x00000006c9400000)
 Metaspace       used 26841K, capacity 29021K, committed 29184K, reserved 1075200K
  class space    used 3612K, capacity 3991K, committed 4096K, reserved 1048576K
GC Heap History (10 events):
Event: 854.670 GC heap before
{Heap before GC invocations=228 (full 1):
 PSYoungGen      total 39424K, used 38784K [0x000000076ab00000, 0x000000076d280000, 0x00000007c0000000)
  eden space 38400K, 100% used [0x000000076ab00000,0x000000076d080000,0x000000076d080000)
  from space 1024K, 37% used [0x000000076d180000,0x000000076d1e0000,0x000000076d280000)
  to   space 1024K, 0% used [0x000000076d080000,0x000000076d080000,0x000000076d180000)
 ParOldGen       total 151552K, used 69996K [0x00000006c0000000, 0x00000006c9400000, 0x000000076ab00000)
  object space 151552K, 46% used [0x00000006c0000000,0x00000006c445b308,0x00000006c9400000)
 Metaspace       used 26830K, capacity 29021K, committed 29184K, reserved 1075200K
  class space    used 3612K, capacity 3991K, committed 4096K, reserved 1048576K
Event: 854.671 GC heap after
Heap after GC invocations=228 (full 1):
 PSYoungGen      total 39424K, used 416K [0x000000076ab00000, 0x000000076d280000, 0x00000007c0000000)
  eden space 38400K, 0% used [0x000000076ab00000,0x000000076ab00000,0x000000076d080000)
  from space 1024K, 40% used [0x000000076d080000,0x000000076d0e8000,0x000000076d180000)
  to   space 1024K, 0% used [0x000000076d180000,0x000000076d180000,0x000000076d280000)
 ParOldGen       total 151552K, used 70004K [0x00000006c0000000, 0x00000006c9400000, 0x000000076ab00000)
  object space 151552K, 46% used [0x00000006c0000000,0x00000006c445d308,0x00000006c9400000)
 Metaspace       used 26830K, capacity 29021K, committed 29184K, reserved 1075200K
  class space    used 3612K, capacity 3991K, committed 4096K, reserved 1048576K
}
Event: 856.876 GC heap before
{Heap before GC invocations=229 (full 1):
 PSYoungGen      total 39424K, used 38816K [0x000000076ab00000, 0x000000076d280000, 0x00000007c0000000)
  eden space 38400K, 100% used [0x000000076ab00000,0x000000076d080000,0x000000076d080000)
  from space 1024K, 40% used [0x000000076d080000,0x000000076d0e8000,0x000000076d180000)
  to   space 1024K, 0% used [0x000000076d180000,0x000000076d180000,0x000000076d280000)
 ParOldGen       total 151552K, used 70004K [0x00000006c0000000, 0x00000006c9400000, 0x000000076ab00000)
  object space 151552K, 46% used [0x00000006c0000000,0x00000006c445d308,0x00000006c9400000)
 Metaspace       used 26833K, capacity 29021K, committed 29184K, reserved 1075200K
  class space    used 3612K, capacity 3991K, committed 4096K, reserved 1048576K
Event: 856.878 GC heap after
Heap after GC invocations=229 (full 1):
 PSYoungGen      total 39424K, used 448K [0x000000076ab00000, 0x000000076d280000, 0x00000007c0000000)
  eden space 38400K, 0% used [0x000000076ab00000,0x000000076ab00000,0x000000076d080000)
  from space 1024K, 43% used [0x000000076d180000,0x000000076d1f0000,0x000000076d280000)
  to   space 1024K, 0% used [0x000000076d080000,0x000000076d080000,0x000000076d180000)
 ParOldGen       total 151552K, used 70052K [0x00000006c0000000, 0x00000006c9400000, 0x000000076ab00000)
  object space 151552K, 46% used [0x00000006c0000000,0x00000006c4469308,0x00000006c9400000)
 Metaspace       used 26833K, capacity 29021K, committed 29184K, reserved 1075200K
  class space    used 3612K, capacity 3991K, committed 4096K, reserved 1048576K
}
Event: 859.068 GC heap before
{Heap before GC invocations=230 (full 1):
 PSYoungGen      total 39424K, used 38848K [0x000000076ab00000, 0x000000076d280000, 0x00000007c0000000)
  eden space 38400K, 100% used [0x000000076ab00000,0x000000076d080000,0x000000076d080000)
  from space 1024K, 43% used [0x000000076d180000,0x000000076d1f0000,0x000000076d280000)
  to   space 1024K, 0% used [0x000000076d080000,0x000000076d080000,0x000000076d180000)
 ParOldGen       total 151552K, used 70052K [0x00000006c0000000, 0x00000006c9400000, 0x000000076ab00000)
  object space 151552K, 46% used [0x00000006c0000000,0x00000006c4469308,0x00000006c9400000)
 Metaspace       used 26833K, capacity 29021K, committed 29184K, reserved 1075200K
  class space    used 3612K, capacity 3991K, committed 4096K, reserved 1048576K
Event: 859.069 GC heap after
Heap after GC invocations=230 (full 1):
 PSYoungGen      total 39424K, used 352K [0x000000076ab00000, 0x000000076d280000, 0x00000007c0000000)
  eden space 38400K, 0% used [0x000000076ab00000,0x000000076ab00000,0x000000076d080000)
  from space 1024K, 34% used [0x000000076d080000,0x000000076d0d8000,0x000000076d180000)
  to   space 1024K, 0% used [0x000000076d180000,0x000000076d180000,0x000000076d280000)
 ParOldGen       total 151552K, used 70052K [0x00000006c0000000, 0x00000006c9400000, 0x000000076ab00000)
  object space 151552K, 46% used [0x00000006c0000000,0x00000006c4469308,0x00000006c9400000)
 Metaspace       used 26833K, capacity 29021K, committed 29184K, reserved 1075200K
  class space    used 3612K, capacity 3991K, committed 4096K, reserved 1048576K
}
Event: 861.253 GC heap before
{Heap before GC invocations=231 (full 1):
 PSYoungGen      total 39424K, used 38752K [0x000000076ab00000, 0x000000076d280000, 0x00000007c0000000)
  eden space 38400K, 100% used [0x000000076ab00000,0x000000076d080000,0x000000076d080000)
  from space 1024K, 34% used [0x000000076d080000,0x000000076d0d8000,0x000000076d180000)
  to   space 1024K, 0% used [0x000000076d180000,0x000000076d180000,0x000000076d280000)
 ParOldGen       total 151552K, used 70052K [0x00000006c0000000, 0x00000006c9400000, 0x000000076ab00000)
  object space 151552K, 46% used [0x00000006c0000000,0x00000006c4469320,0x00000006c9400000)
 Metaspace       used 26833K, capacity 29021K, committed 29184K, reserved 1075200K
  class space    used 3612K, capacity 3991K, committed 4096K, reserved 1048576K
Event: 861.254 GC heap after
Heap after GC invocations=231 (full 1):
 PSYoungGen      total 39424K, used 448K [0x000000076ab00000, 0x000000076d280000, 0x00000007c0000000)
  eden space 38400K, 0% used [0x000000076ab00000,0x000000076ab00000,0x000000076d080000)
  from space 1024K, 43% used [0x000000076d180000,0x000000076d1f0000,0x000000076d280000)
  to   space 1024K, 0% used [0x000000076d080000,0x000000076d080000,0x000000076d180000)
 ParOldGen       total 151552K, used 70052K [0x00000006c0000000, 0x00000006c9400000, 0x000000076ab00000)
  object space 151552K, 46% used [0x00000006c0000000,0x00000006c4469320,0x00000006c9400000)
 Metaspace       used 26833K, capacity 29021K, committed 29184K, reserved 1075200K
  class space    used 3612K, capacity 3991K, committed 4096K, reserved 1048576K
}
Event: 863.444 GC heap before
{Heap before GC invocations=232 (full 1):
 PSYoungGen      total 39424K, used 38848K [0x000000076ab00000, 0x000000076d280000, 0x00000007c0000000)
  eden space 38400K, 100% used [0x000000076ab00000,0x000000076d080000,0x000000076d080000)
  from space 1024K, 43% used [0x000000076d180000,0x000000076d1f0000,0x000000076d280000)
  to   space 1024K, 0% used [0x000000076d080000,0x000000076d080000,0x000000076d180000)
 ParOldGen       total 151552K, used 70062K [0x00000006c0000000, 0x00000006c9400000, 0x000000076ab00000)
  object space 151552K, 46% used [0x00000006c0000000,0x00000006c446b8f8,0x00000006c9400000)
 Metaspace       used 26833K, capacity 29021K, committed 29184K, reserved 1075200K
  class space    used 3612K, capacity 3991K, committed 4096K, reserved 1048576K
Event: 863.446 GC heap after
Heap after GC invocations=232 (full 1):
 PSYoungGen      total 39424K, used 384K [0x000000076ab00000, 0x000000076d280000, 0x00000007c0000000)
  eden space 38400K, 0% used [0x000000076ab00000,0x000000076ab00000,0x000000076d080000)
  from space 1024K, 37% used [0x000000076d080000,0x000000076d0e0000,0x000000076d180000)
  to   space 1024K, 0% used [0x000000076d180000,0x000000076d180000,0x000000076d280000)
 ParOldGen       total 151552K, used 70062K [0x00000006c0000000, 0x00000006c9400000, 0x000000076ab00000)
  object space 151552K, 46% used [0x00000006c0000000,0x00000006c446b8f8,0x00000006c9400000)
 Metaspace       used 26833K, capacity 29021K, committed 29184K, reserved 1075200K
  class space    used 3612K, capacity 3991K, committed 4096K, reserved 1048576K
}

